<?xml version="1.0" encoding="UTF-8"?>
<testsuite xmlns:xsi="http://www.w3.org/2001/XMLSchema-instance" xsi:schemaLocation="https://maven.apache.org/surefire/maven-surefire-plugin/xsd/surefire-test-report.xsd" name="TestSuite" time="44.125" tests="13" errors="0" skipped="0" failures="1">
  <properties>
    <property name="idea.version" value="2017.2.2"/>
    <property name="java.runtime.name" value="Java(TM) SE Runtime Environment"/>
    <property name="sun.boot.library.path" value="C:\Program Files (x86)\Java\jdk1.8.0_144\jre\bin"/>
    <property name="java.vm.version" value="25.144-b01"/>
    <property name="java.vm.vendor" value="Oracle Corporation"/>
    <property name="maven.multiModuleProjectDirectory" value="D:\Project\EducationProgect"/>
    <property name="java.vendor.url" value="http://java.oracle.com/"/>
    <property name="path.separator" value=";"/>
    <property name="guice.disable.misplaced.annotation.check" value="true"/>
    <property name="java.vm.name" value="Java HotSpot(TM) Client VM"/>
    <property name="file.encoding.pkg" value="sun.io"/>
    <property name="user.script" value=""/>
    <property name="user.country" value="US"/>
    <property name="sun.java.launcher" value="SUN_STANDARD"/>
    <property name="sun.os.patch.level" value=""/>
    <property name="java.vm.specification.name" value="Java Virtual Machine Specification"/>
    <property name="user.dir" value="D:\Project\EducationProgect"/>
    <property name="java.runtime.version" value="1.8.0_144-b01"/>
    <property name="java.awt.graphicsenv" value="sun.awt.Win32GraphicsEnvironment"/>
    <property name="java.endorsed.dirs" value="C:\Program Files (x86)\Java\jdk1.8.0_144\jre\lib\endorsed"/>
    <property name="os.arch" value="x86"/>
    <property name="java.io.tmpdir" value="C:\Users\OLGA_K~1\AppData\Local\Temp\"/>
    <property name="line.separator" value="&#10;"/>
    <property name="java.vm.specification.vendor" value="Oracle Corporation"/>
    <property name="user.variant" value=""/>
    <property name="os.name" value="Windows 10"/>
    <property name="classworlds.conf" value="C:\Program Files\JetBrains\IntelliJ IDEA Community Edition 2017.2.2\plugins\maven\lib\maven3\bin\m2.conf"/>
    <property name="sun.jnu.encoding" value="Cp1251"/>
    <property name="java.library.path" value="C:\Program Files (x86)\Java\jdk1.8.0_144\bin;C:\WINDOWS\Sun\Java\bin;C:\WINDOWS\system32;C:\WINDOWS;C:\ProgramData\Oracle\Java\javapath;C:\WINDOWS\system32;C:\WINDOWS;C:\WINDOWS\System32\Wbem;C:\WINDOWS\System32\WindowsPowerShell\v1.0\;C:\Program Files\TortoiseSVN\bin;C:\Gradle\gradle-4.1\bin;C:\Program Files\Git\cmd;C:\Program Files\Git\bin;C:\Users\Olga_Kondratenko\AppData\Local\Microsoft\WindowsApps;;."/>
    <property name="java.specification.name" value="Java Platform API Specification"/>
    <property name="java.class.version" value="52.0"/>
    <property name="sun.management.compiler" value="HotSpot Client Compiler"/>
    <property name="os.version" value="10.0"/>
    <property name="user.home" value="C:\Users\Olga_Kondratenko"/>
    <property name="user.timezone" value="Europe/Helsinki"/>
    <property name="java.awt.printerjob" value="sun.awt.windows.WPrinterJob"/>
    <property name="java.specification.version" value="1.8"/>
    <property name="file.encoding" value="UTF-8"/>
    <property name="user.name" value="Olga_Kondratenko"/>
    <property name="java.class.path" value="C:\Program Files\JetBrains\IntelliJ IDEA Community Edition 2017.2.2\plugins\maven\lib\maven3\boot\plexus-classworlds-2.5.2.jar;C:\Program Files\JetBrains\IntelliJ IDEA Community Edition 2017.2.2\lib\idea_rt.jar"/>
    <property name="java.vm.specification.version" value="1.8"/>
    <property name="sun.arch.data.model" value="32"/>
    <property name="java.home" value="C:\Program Files (x86)\Java\jdk1.8.0_144\jre"/>
    <property name="sun.java.command" value="org.codehaus.classworlds.Launcher -Didea.version=2017.2.2 test"/>
    <property name="java.specification.vendor" value="Oracle Corporation"/>
    <property name="user.language" value="en"/>
    <property name="awt.toolkit" value="sun.awt.windows.WToolkit"/>
    <property name="java.vm.info" value="mixed mode, sharing"/>
    <property name="java.version" value="1.8.0_144"/>
    <property name="java.ext.dirs" value="C:\Program Files (x86)\Java\jdk1.8.0_144\jre\lib\ext;C:\WINDOWS\Sun\Java\lib\ext"/>
    <property name="sun.boot.class.path" value="C:\Program Files (x86)\Java\jdk1.8.0_144\jre\lib\resources.jar;C:\Program Files (x86)\Java\jdk1.8.0_144\jre\lib\rt.jar;C:\Program Files (x86)\Java\jdk1.8.0_144\jre\lib\sunrsasign.jar;C:\Program Files (x86)\Java\jdk1.8.0_144\jre\lib\jsse.jar;C:\Program Files (x86)\Java\jdk1.8.0_144\jre\lib\jce.jar;C:\Program Files (x86)\Java\jdk1.8.0_144\jre\lib\charsets.jar;C:\Program Files (x86)\Java\jdk1.8.0_144\jre\lib\jfr.jar;C:\Program Files (x86)\Java\jdk1.8.0_144\jre\classes"/>
    <property name="java.vendor" value="Oracle Corporation"/>
    <property name="maven.home" value="C:\Program Files\JetBrains\IntelliJ IDEA Community Edition 2017.2.2\plugins\maven\lib\maven3"/>
    <property name="file.separator" value="\"/>
    <property name="java.vendor.url.bug" value="http://bugreport.sun.com/bugreport/"/>
    <property name="sun.cpu.endian" value="little"/>
    <property name="sun.io.unicode.encoding" value="UnicodeLittle"/>
    <property name="sun.desktop" value="windows"/>
    <property name="sun.cpu.isalist" value="pentium_pro+mmx pentium_pro pentium+mmx pentium i486 i386 i86"/>
  </properties>
  <testcase name="nonExistFunctionFailTest" classname="simpleTests.FallTest" time="1.471">
    <failure message="get non-existent function" type="exeptions.BaseException"><![CDATA[exeptions.BaseException: get non-existent function
	at simpleTests.FallTest.nonExistFunctionFailTest(FallTest.java:32)
Caused by: java.lang.AssertionError: 
1 expectation failed.
Expected status code <200> doesn't match actual status code <404>.

	at simpleTests.FallTest.nonExistFunctionFailTest(FallTest.java:32)
]]></failure>
    <system-out><![CDATA[17:18:46,648  INFO TestClient:<init>:17 - connecting to http://petstore.swagger.io/v2/test
17:18:46,749  INFO LogListener:onTestStart:31 - start nonExistFunctionFailTest test
17:18:46,818  INFO TestBO:callNonExistentFunction_aroundBody0:25 - start calling non-existent function
17:18:46,818  INFO TestClient:nonExistentFunction:22 - send request non-existent function
Request path:	http://petstore.swagger.io/v2/test
Request method:	GET
Response body: 
{
    "code": 404,
    "type": "unknown",
    "message": "null for uri: http://petstore.swagger.io/v2/test"
}
17:18:48,205 ERROR TestBO:callNonExistentFunction_aroundBody0:31 - non-existent function can't be got
17:18:48,205  INFO LogListener:onTestFailure:42 - null finish and fail
]]></system-out>
    <system-err><![CDATA[SLF4J: Failed to load class "org.slf4j.impl.StaticLoggerBinder".
SLF4J: Defaulting to no-operation (NOP) logger implementation
SLF4J: See http://www.slf4j.org/codes.html#StaticLoggerBinder for further details.
]]></system-err>
  </testcase>
  <testcase name="getPets" classname="simpleTests.PetTests" time="5.071"/>
  <testcase name="simplePet" classname="simpleTests.PetTests" time="1.919"/>
  <testcase name="updatePet" classname="simpleTests.PetTests" time="3.188"/>
  <testcase name="updatePetStatus" classname="simpleTests.PetTests" time="3.639"/>
  <testcase name="uploadPetPhoto" classname="simpleTests.PetTests" time="2.787"/>
  <testcase name="checkInventory" classname="simpleTests.StoreTest" time="0.733"/>
  <testcase name="createOrder" classname="simpleTests.StoreTest" time="1.837"/>
  <testcase name="createNewUsersWithArray" classname="simpleTests.UsersTest" time="5.725"/>
  <testcase name="createNewUsersWithList" classname="simpleTests.UsersTest" time="5.688"/>
  <testcase name="login" classname="simpleTests.UserTests" time="2.87"/>
  <testcase name="simpleUser" classname="simpleTests.UserTests" time="3.216"/>
  <testcase name="updateUser" classname="simpleTests.UserTests" time="3.521"/>
</testsuite>