<?xml version="1.0" encoding="UTF-8"?>
<!-- Generated by org.testng.reporters.JUnitReportReporter -->
<testsuite skipped="0" hostname="EPUALVIW0697" name="simpleTests.StoreTest" tests="2" failures="0" timestamp="30 Jan 2018 08:35:52 GMT" time="42.054" errors="0">
  <testcase name="createOrder" time="2.641" classname="simpleTests.StoreTest"/>
  <testcase name="checkInventory" time="39.413" classname="simpleTests.StoreTest"/>
</testsuite> <!-- simpleTests.StoreTest -->
