<?xml version="1.0" encoding="UTF-8"?>
<!-- Generated by org.testng.reporters.JUnitReportReporter -->
<testsuite skipped="0" hostname="EPUALVIW0697" name="simpleTests.StoreTest" tests="2" failures="0" timestamp="31 Jan 2018 15:19:28 GMT" time="2.554" errors="0">
  <testcase name="createOrder" time="1.837" classname="simpleTests.StoreTest"/>
  <testcase name="checkInventory" time="0.717" classname="simpleTests.StoreTest"/>
</testsuite> <!-- simpleTests.StoreTest -->
