<?xml version="1.0" encoding="UTF-8"?>
<!-- Generated by org.testng.reporters.JUnitReportReporter -->
<testsuite skipped="0" hostname="EPUALVIW0697" name="simpleTests.UsersTest" tests="2" failures="0" timestamp="30 Jan 2018 08:35:52 GMT" time="11.648" errors="0">
  <testcase name="createNewUsersWithList" time="5.753" classname="simpleTests.UsersTest"/>
  <testcase name="createNewUsersWithArray" time="5.895" classname="simpleTests.UsersTest"/>
</testsuite> <!-- simpleTests.UsersTest -->
