<?xml version="1.0" encoding="UTF-8"?>
<!-- Generated by org.testng.reporters.JUnitReportReporter -->
<testsuite skipped="0" hostname="EPUALVIW0697" name="simpleTests.StoreTest" tests="2" failures="0" timestamp="31 Jan 2018 10:42:15 GMT" time="2.437" errors="0">
  <testcase name="checkInventory" time="0.684" classname="simpleTests.StoreTest"/>
  <testcase name="createOrder" time="1.753" classname="simpleTests.StoreTest"/>
</testsuite> <!-- simpleTests.StoreTest -->
