<?xml version="1.0" encoding="UTF-8"?>
<!-- Generated by org.testng.reporters.JUnitReportReporter -->
<testsuite skipped="0" hostname="EPUALVIW0697" name="simpleTests.StoreTest" tests="2" failures="0" timestamp="02 Feb 2018 11:12:17 GMT" time="2.921" errors="0">
  <testcase name="createOrder" time="2.288" classname="simpleTests.StoreTest"/>
  <testcase name="checkInventory" time="0.633" classname="simpleTests.StoreTest"/>
</testsuite> <!-- simpleTests.StoreTest -->
