<?xml version="1.0" encoding="UTF-8"?>
<!-- Generated by org.testng.reporters.JUnitReportReporter -->
<testsuite skipped="0" hostname="EPUALVIW0697" name="simpleTests.StoreTest" tests="2" failures="0" timestamp="14 Feb 2018 13:01:07 GMT" time="4.042" errors="0">
  <testcase name="createOrder" time="1.653" classname="simpleTests.StoreTest"/>
  <testcase name="checkInventory" time="2.389" classname="simpleTests.StoreTest"/>
</testsuite> <!-- simpleTests.StoreTest -->
