<?xml version="1.0" encoding="UTF-8"?>
<!-- Generated by org.testng.reporters.JUnitReportReporter -->
<testsuite skipped="0" hostname="EPUALVIW0697" name="simpleTests.StoreTest" tests="1" failures="0" timestamp="13 Feb 2018 15:58:08 GMT" time="2.273" errors="0">
  <testcase name="checkInventory" time="2.273" classname="simpleTests.StoreTest"/>
</testsuite> <!-- simpleTests.StoreTest -->
