<?xml version="1.0" encoding="UTF-8"?>
<!-- Generated by org.testng.reporters.JUnitReportReporter -->
<testsuite skipped="0" hostname="EPUALVIW0697" name="simpleTests.UsersTest" tests="2" failures="0" timestamp="14 Feb 2018 13:01:07 GMT" time="11.149" errors="0">
  <testcase name="createNewUsersWithList" time="5.058" classname="simpleTests.UsersTest"/>
  <testcase name="createNewUsersWithArray" time="6.091" classname="simpleTests.UsersTest"/>
</testsuite> <!-- simpleTests.UsersTest -->
