<?xml version="1.0" encoding="UTF-8"?>
<!-- Generated by org.testng.reporters.JUnitReportReporter -->
<testsuite skipped="0" hostname="EPUALVIW0697" name="simpleTests.UsersTest" tests="2" failures="0" timestamp="31 Jan 2018 10:42:15 GMT" time="11.852" errors="0">
  <testcase name="createNewUsersWithList" time="6.066" classname="simpleTests.UsersTest"/>
  <testcase name="createNewUsersWithArray" time="5.786" classname="simpleTests.UsersTest"/>
</testsuite> <!-- simpleTests.UsersTest -->
