<?xml version="1.0" encoding="UTF-8"?>
<!-- Generated by org.testng.reporters.JUnitReportReporter -->
<testsuite skipped="0" hostname="EPUALVIW0697" name="simpleTests.StoreTest" tests="2" failures="0" timestamp="16 Feb 2018 15:27:52 GMT" time="14.221" errors="0">
  <testcase name="createOrder" time="1.633" classname="simpleTests.StoreTest"/>
  <testcase name="checkInventory" time="12.588" classname="simpleTests.StoreTest"/>
</testsuite> <!-- simpleTests.StoreTest -->
