<?xml version="1.0" encoding="UTF-8"?>
<!-- Generated by org.testng.reporters.JUnitReportReporter -->
<testsuite skipped="0" hostname="EPUALVIW0697" name="simpleTests.UsersTest" tests="2" failures="0" timestamp="02 Feb 2018 11:12:17 GMT" time="14.975" errors="0">
  <testcase name="createNewUsersWithList" time="6.665" classname="simpleTests.UsersTest"/>
  <testcase name="createNewUsersWithArray" time="8.310" classname="simpleTests.UsersTest"/>
</testsuite> <!-- simpleTests.UsersTest -->
