<?xml version="1.0" encoding="UTF-8"?>
<!-- Generated by org.testng.reporters.JUnitReportReporter -->
<testsuite skipped="0" hostname="EPUALVIW0697" name="simpleTests.StoreTest" tests="2" failures="0" timestamp="30 Jan 2018 13:07:10 GMT" time="2.496" errors="0">
  <testcase name="checkInventory" time="0.690" classname="simpleTests.StoreTest"/>
  <testcase name="createOrder" time="1.806" classname="simpleTests.StoreTest"/>
</testsuite> <!-- simpleTests.StoreTest -->
