<?xml version="1.0" encoding="UTF-8"?>
<!-- Generated by org.testng.reporters.JUnitReportReporter -->
<testsuite hostname="EPUALVIW0697" name="simpleTests.StoreTest" tests="2" failures="0" timestamp="25 Jan 2018 12:04:41 GMT" time="4.029" errors="0">
  <testcase name="checkInventory" time="1.688" classname="simpleTests.StoreTest"/>
  <testcase name="createOrder" time="2.341" classname="simpleTests.StoreTest"/>
</testsuite> <!-- simpleTests.StoreTest -->
