<?xml version="1.0" encoding="UTF-8"?>
<!-- Generated by org.testng.reporters.JUnitReportReporter -->
<testsuite skipped="0" hostname="EPUALVIW0697" name="simpleTests.UsersTest" tests="2" failures="0" timestamp="31 Jan 2018 15:19:28 GMT" time="11.415" errors="0">
  <testcase name="createNewUsersWithArray" time="5.726" classname="simpleTests.UsersTest"/>
  <testcase name="createNewUsersWithList" time="5.689" classname="simpleTests.UsersTest"/>
</testsuite> <!-- simpleTests.UsersTest -->
