<?xml version="1.0" encoding="UTF-8"?>
<!-- Generated by org.testng.reporters.JUnitReportReporter -->
<testsuite hostname="EPUALVIW0697" name="simpleTests.UsersTest" tests="2" failures="0" timestamp="25 Jan 2018 12:04:41 GMT" time="16.882" errors="0">
  <testcase name="createNewUsersWithArray" time="7.427" classname="simpleTests.UsersTest"/>
  <testcase name="createNewUsersWithList" time="9.455" classname="simpleTests.UsersTest"/>
</testsuite> <!-- simpleTests.UsersTest -->
