<?xml version="1.0" encoding="UTF-8"?>
<!-- Generated by org.testng.reporters.JUnitReportReporter -->
<testsuite skipped="0" hostname="EPUALVIW0697" name="simpleTests.UsersTest" tests="2" failures="0" timestamp="16 Feb 2018 15:27:52 GMT" time="10.288" errors="0">
  <testcase name="createNewUsersWithList" time="5.101" classname="simpleTests.UsersTest"/>
  <testcase name="createNewUsersWithArray" time="5.187" classname="simpleTests.UsersTest"/>
</testsuite> <!-- simpleTests.UsersTest -->
