<?xml version="1.0" encoding="UTF-8"?>
<!-- Generated by org.testng.reporters.JUnitReportReporter -->
<testsuite skipped="0" hostname="EPUALVIW0697" name="simpleTests.StoreTest" tests="2" failures="0" timestamp="02 Feb 2018 10:27:34 GMT" time="2.204" errors="0">
  <testcase name="checkInventory" time="0.618" classname="simpleTests.StoreTest"/>
  <testcase name="createOrder" time="1.586" classname="simpleTests.StoreTest"/>
</testsuite> <!-- simpleTests.StoreTest -->
