<?xml version="1.0" encoding="UTF-8"?>
<!-- Generated by org.testng.reporters.JUnitReportReporter -->
<testsuite skipped="0" hostname="EPUALVIW0697" name="simpleTests.UsersTest" tests="2" failures="0" timestamp="02 Feb 2018 10:27:34 GMT" time="11.614" errors="0">
  <testcase name="createNewUsersWithArray" time="6.507" classname="simpleTests.UsersTest"/>
  <testcase name="createNewUsersWithList" time="5.107" classname="simpleTests.UsersTest"/>
</testsuite> <!-- simpleTests.UsersTest -->
